<?xml version="1.0" encoding="UTF-8"?>
<TestRun id="3b516091-536d-42c7-9141-e19df5aa2af2" name="T.McGuinness@LAP-JL9B4R1 2011-10-14 10:47:56" runUser="RESILIENTPLC\T.McGuinness" xmlns="http://microsoft.com/schemas/VisualStudio/TeamTest/2010">
  <TestSettings name="Local" id="35af4368-8c28-4d67-b7fe-18bc67a282de">
    <Description>These are default test settings for a local test run.</Description>
    <Deployment userDeploymentRoot="C:\Development\Personal\Azure Manager\AzureManager\TestResults" useDefaultDeploymentRoot="false" enabled="false" runDeploymentRoot="T.McGuinness_LAP-JL9B4R1 2011-10-14 10_47_56">
      <DeploymentItem filename="C:\Development\Personal\Azure Manager\AzureManager\AzureManager.Web\bin\AzureManager.Web.dll" />
    </Deployment>
    <Execution>
      <TestTypeSpecific />
      <AgentRule name="Execution Agents">
      </AgentRule>
    </Execution>
  </TestSettings>
  <Times creation="2011-10-14T10:47:56.0364993+01:00" queuing="2011-10-14T10:47:56.0964993+01:00" start="2011-10-14T10:47:56.1004993+01:00" finish="2011-10-14T10:47:57.2274993+01:00" />
  <ResultSummary outcome="Completed">
    <Counters total="1" executed="1" passed="1" error="0" failed="0" timeout="0" aborted="0" inconclusive="0" passedButRunAborted="0" notRunnable="0" notExecuted="0" disconnected="0" warning="0" completed="0" inProgress="0" pending="0" />
  </ResultSummary>
  <TestDefinitions>
    <UnitTest name="PinGeneration" storage="c:\development\personal\azure manager\azuremanager\azuremanager.web.tests\bin\debug\azuremanager.web.tests.dll" id="ae1da6e9-d980-d810-de57-ba9ee7999b93">
      <Execution id="ac68d08a-53ab-45ee-96cd-f2f9d4189a09" />
      <TestMethod codeBase="C:/Development/Personal/Azure Manager/AzureManager/AzureManager.Web.Tests/bin/Debug/AzureManager.Web.Tests.DLL" adapterTypeName="Microsoft.VisualStudio.TestTools.TestTypes.Unit.UnitTestAdapter, Microsoft.VisualStudio.QualityTools.Tips.UnitTest.Adapter, Version=10.0.0.0, Culture=neutral, PublicKeyToken=b03f5f7f11d50a3a" className="AzureManager.Web.Tests.PinGenerationTests, AzureManager.Web.Tests, Version=1.0.0.0, Culture=neutral, PublicKeyToken=null" name="PinGeneration" />
    </UnitTest>
  </TestDefinitions>
  <TestLists>
    <TestList name="Results Not in a List" id="8c84fa94-04c1-424b-9868-57a2d4851a1d" />
    <TestList name="All Loaded Results" id="19431567-8539-422a-85d7-44ee4e166bda" />
  </TestLists>
  <TestEntries>
    <TestEntry testId="ae1da6e9-d980-d810-de57-ba9ee7999b93" executionId="ac68d08a-53ab-45ee-96cd-f2f9d4189a09" testListId="8c84fa94-04c1-424b-9868-57a2d4851a1d" />
  </TestEntries>
  <Results>
    <UnitTestResult executionId="ac68d08a-53ab-45ee-96cd-f2f9d4189a09" testId="ae1da6e9-d980-d810-de57-ba9ee7999b93" testName="PinGeneration" computerName="LAP-JL9B4R1" duration="00:00:00.8287954" startTime="2011-10-14T10:47:56.1034993+01:00" endTime="2011-10-14T10:47:57.2118993+01:00" testType="13cdc9d9-ddb5-4fa4-a97d-d965ccfc6d4b" outcome="Passed" testListId="8c84fa94-04c1-424b-9868-57a2d4851a1d" relativeResultsDirectory="ac68d08a-53ab-45ee-96cd-f2f9d4189a09">
    </UnitTestResult>
  </Results>
</TestRun>